<?xml version="1.0" encoding="UTF-8"?>
<testsuites>
    <testsuite name="login-using-a-login-webform;login-ok" tests="4" failures="0" skipped="4">
        <properties>
            <property name="URI" value="/Users/richi/repo/pageObject/features/loginSample.feature">
            </property>
        </properties>
        <testcase name="Given I&apos;m at the URL &apos;http://the-internet.herokuapp.com/login&apos;" classname="login-using-a-login-webform;login-ok">
            <skipped message="">
            </skipped>
        </testcase>
        <testcase name="When I enter &apos;tomsmith&apos; as user and &apos;SuperSecretPassword!&apos; as password" classname="login-using-a-login-webform;login-ok">
            <skipped message="">
            </skipped>
        </testcase>
        <testcase name="And I click the Login" classname="login-using-a-login-webform;login-ok">
            <skipped message="">
            </skipped>
        </testcase>
        <testcase name="Then I should see some results" classname="login-using-a-login-webform;login-ok">
            <skipped message="">
            </skipped>
        </testcase>
    </testsuite>
</testsuites>